Build started 2/11/2016 12:33:44 PM.
     1>Project "Y:\Downloads\bullet3-2.83.7\build3\vs2010\App_SharedMemoryPhysics.vcxproj" on node 3 (Build target(s)).
     1>ClCompile:
         C:\Program Files (x86)\Microsoft Visual Studio 12.0\VC\bin\CL.exe /c /I..\..\examples\SharedMemory /I..\..\src /I..\..\examples\ThirdPartyLibs /I"C:\Gamedev\Visual Leak Detector\include" /Zi /nologo /W3 /WX- /Od /Oy- /D _DEBUG=1 /D _MBCS /Gm- /EHsc /RTC1 /MTd /GS /Gy /fp:fast /Zc:wchar_t /Zc:forScope /Fo"obj\x32\Debug\App_SharedMemoryPhysics\\" /Fd"..\..\bin\App_SharedMemoryPhysics_vs2010_debug.pdb" /Gd /TP /analyze- /errorReport:prompt /MP ..\..\examples\SharedMemory\PhysicsClient.cpp ..\..\examples\SharedMemory\PhysicsClientSharedMemory.cpp ..\..\examples\SharedMemory\PhysicsClientExample.cpp ..\..\examples\SharedMemory\PhysicsServerExample.cpp ..\..\examples\SharedMemory\PhysicsServerSharedMemory.cpp ..\..\examples\SharedMemory\PhysicsServer.cpp ..\..\examples\SharedMemory\main.cpp ..\..\examples\SharedMemory\PhysicsClientC_API.cpp ..\..\examples\SharedMemory\PosixSharedMemory.cpp ..\..\examples\SharedMemory\Win32SharedMemory.cpp ..\..\examples\SharedMemory\PhysicsDirect.cpp ..\..\examples\SharedMemory\PhysicsDirectC_API.cpp ..\..\examples\SharedMemory\PhysicsLoopBack.cpp ..\..\examples\SharedMemory\PhysicsLoopBackC_API.cpp ..\..\examples\SharedMemory\PhysicsServerCommandProcessor.cpp ..\..\examples\Importers\ImportURDFDemo\MyMultiBodyCreator.cpp ..\..\examples\Importers\ImportURDFDemo\BulletUrdfImporter.cpp ..\..\examples\Importers\ImportURDFDemo\UrdfParser.cpp ..\..\examples\Importers\ImportURDFDemo\urdfStringSplit.cpp ..\..\examples\Importers\ImportURDFDemo\URDF2Bullet.cpp ..\..\examples\Utils\b3ResourcePath.cpp ..\..\examples\Utils\b3Clock.cpp ..\..\Extras\Serialize\BulletWorldImporter\btBulletWorldImporter.cpp ..\..\Extras\Serialize\BulletWorldImporter\btWorldImporter.cpp ..\..\Extras\Serialize\BulletFileLoader\bChunk.cpp ..\..\Extras\Serialize\BulletFileLoader\bDNA.cpp ..\..\Extras\Serialize\BulletFileLoader\bFile.cpp ..\..\Extras\Serialize\BulletFileLoader\btBulletFile.cpp ..\..\examples\Importers\ImportObjDemo\Wavefront2GLInstanceGraphicsShape.cpp ..\..\examples\Importers\ImportObjDemo\LoadMeshFromObj.cpp ..\..\examples\Importers\ImportColladaDemo\LoadMeshFromCollada.cpp ..\..\examples\ThirdPartyLibs\Wavefront\tiny_obj_loader.cpp ..\..\examples\ThirdPartyLibs\urdf\urdfdom\urdf_parser\src\pose.cpp ..\..\examples\ThirdPartyLibs\urdf\urdfdom\urdf_parser\src\model.cpp ..\..\examples\ThirdPartyLibs\urdf\urdfdom\urdf_parser\src\link.cpp ..\..\examples\ThirdPartyLibs\urdf\urdfdom\urdf_parser\src\joint.cpp ..\..\examples\ThirdPartyLibs\tinyxml\tinystr.cpp ..\..\examples\ThirdPartyLibs\tinyxml\tinyxml.cpp ..\..\examples\ThirdPartyLibs\tinyxml\tinyxmlerror.cpp ..\..\examples\ThirdPartyLibs\tinyxml\tinyxmlparser.cpp ..\..\examples\ThirdPartyLibs\urdf\boost_replacement\printf_console.cpp ..\..\examples\ThirdPartyLibs\urdf\boost_replacement\string_split.cpp
         PhysicsClient.cpp
         PhysicsClientSharedMemory.cpp
         PhysicsClientExample.cpp
     1>..\..\examples\SharedMemory\PhysicsClientSharedMemory.cpp(268): warning C4996: 'sprintf': This function or variable may be unsafe. Consider using sprintf_s instead. To disable deprecation, use _CRT_SECURE_NO_WARNINGS. See online help for details.
                 C:\Program Files (x86)\Microsoft Visual Studio 12.0\VC\include\stdio.h(356) : see declaration of 'sprintf'
     1>..\..\examples\SharedMemory\PhysicsClientSharedMemory.cpp(273): warning C4996: 'sprintf': This function or variable may be unsafe. Consider using sprintf_s instead. To disable deprecation, use _CRT_SECURE_NO_WARNINGS. See online help for details.
                 C:\Program Files (x86)\Microsoft Visual Studio 12.0\VC\include\stdio.h(356) : see declaration of 'sprintf'
     1>..\..\examples\SharedMemory\PhysicsClientSharedMemory.cpp(276): warning C4996: 'sprintf': This function or variable may be unsafe. Consider using sprintf_s instead. To disable deprecation, use _CRT_SECURE_NO_WARNINGS. See online help for details.
                 C:\Program Files (x86)\Microsoft Visual Studio 12.0\VC\include\stdio.h(356) : see declaration of 'sprintf'
     1>..\..\examples\SharedMemory\PhysicsClientSharedMemory.cpp(279): warning C4996: 'sprintf': This function or variable may be unsafe. Consider using sprintf_s instead. To disable deprecation, use _CRT_SECURE_NO_WARNINGS. See online help for details.
                 C:\Program Files (x86)\Microsoft Visual Studio 12.0\VC\include\stdio.h(356) : see declaration of 'sprintf'
     1>..\..\examples\SharedMemory\PhysicsClientSharedMemory.cpp(286): warning C4996: 'sprintf': This function or variable may be unsafe. Consider using sprintf_s instead. To disable deprecation, use _CRT_SECURE_NO_WARNINGS. See online help for details.
                 C:\Program Files (x86)\Microsoft Visual Studio 12.0\VC\include\stdio.h(356) : see declaration of 'sprintf'
     1>..\..\examples\SharedMemory\PhysicsClientSharedMemory.cpp(291): warning C4996: 'sprintf': This function or variable may be unsafe. Consider using sprintf_s instead. To disable deprecation, use _CRT_SECURE_NO_WARNINGS. See online help for details.
                 C:\Program Files (x86)\Microsoft Visual Studio 12.0\VC\include\stdio.h(356) : see declaration of 'sprintf'
     1>..\..\examples\SharedMemory\PhysicsClientSharedMemory.cpp(294): warning C4996: 'sprintf': This function or variable may be unsafe. Consider using sprintf_s instead. To disable deprecation, use _CRT_SECURE_NO_WARNINGS. See online help for details.
                 C:\Program Files (x86)\Microsoft Visual Studio 12.0\VC\include\stdio.h(356) : see declaration of 'sprintf'
     1>..\..\examples\SharedMemory\PhysicsClientSharedMemory.cpp(297): warning C4996: 'sprintf': This function or variable may be unsafe. Consider using sprintf_s instead. To disable deprecation, use _CRT_SECURE_NO_WARNINGS. See online help for details.
                 C:\Program Files (x86)\Microsoft Visual Studio 12.0\VC\include\stdio.h(356) : see declaration of 'sprintf'
         PhysicsServerExample.cpp
     1>y:\downloads\bullet3-2.83.7\examples\sharedmemory\../CommonInterfaces/CommonMultiBodyBase.h(338): warning C4316: 'btMultiBodyPoint2Point' : object allocated on the heap may not be aligned 16 (..\..\examples\SharedMemory\PhysicsClientExample.cpp)
     1>..\..\examples\SharedMemory\PhysicsClientExample.cpp(124): warning C4244: 'argument' : conversion from 'int' to 'float', possible loss of data
     1>..\..\examples\SharedMemory\PhysicsClientExample.cpp(130): warning C4244: 'argument' : conversion from 'int' to 'float', possible loss of data
     1>..\..\examples\SharedMemory\PhysicsClientExample.cpp(406): warning C4996: 'sprintf': This function or variable may be unsafe. Consider using sprintf_s instead. To disable deprecation, use _CRT_SECURE_NO_WARNINGS. See online help for details.
                 C:\Program Files (x86)\Microsoft Visual Studio 12.0\VC\include\stdio.h(356) : see declaration of 'sprintf'
         PhysicsServerSharedMemory.cpp
     1>y:\downloads\bullet3-2.83.7\examples\sharedmemory\../CommonInterfaces/CommonMultiBodyBase.h(338): warning C4316: 'btMultiBodyPoint2Point' : object allocated on the heap may not be aligned 16 (..\..\examples\SharedMemory\PhysicsServerExample.cpp)
         PhysicsServer.cpp
         main.cpp
         PhysicsClientC_API.cpp
     1>..\..\examples\SharedMemory\PhysicsClientC_API.cpp(22): warning C4996: 'strcpy': This function or variable may be unsafe. Consider using strcpy_s instead. To disable deprecation, use _CRT_SECURE_NO_WARNINGS. See online help for details.
                 C:\Program Files (x86)\Microsoft Visual Studio 12.0\VC\include\string.h(112) : see declaration of 'strcpy'
     1>Y:\Downloads\bullet3-2.83.7\src\Bullet3Common/b3CommandLineArgs.h(97): warning C4996: 'strcpy': This function or variable may be unsafe. Consider using strcpy_s instead. To disable deprecation, use _CRT_SECURE_NO_WARNINGS. See online help for details. (..\..\examples\SharedMemory\main.cpp)
                 C:\Program Files (x86)\Microsoft Visual Studio 12.0\VC\include\string.h(112) : see declaration of 'strcpy'
         PosixSharedMemory.cpp
         Win32SharedMemory.cpp
         PhysicsDirect.cpp
     1>y:\downloads\bullet3-2.83.7\examples\sharedmemory\../CommonInterfaces/CommonMultiBodyBase.h(338): warning C4316: 'btMultiBodyPoint2Point' : object allocated on the heap may not be aligned 16 (..\..\examples\SharedMemory\main.cpp)
         PhysicsDirectC_API.cpp
         PhysicsLoopBack.cpp
         PhysicsLoopBackC_API.cpp
         PhysicsServerCommandProcessor.cpp
         MyMultiBodyCreator.cpp
     1>..\..\examples\Importers\ImportURDFDemo\MyMultiBodyCreator.cpp(64): warning C4316: 'GenericConstraintUserInfo' : object allocated on the heap may not be aligned 16
     1>..\..\examples\Importers\ImportURDFDemo\MyMultiBodyCreator.cpp(147): warning C4316: 'GenericConstraintUserInfo' : object allocated on the heap may not be aligned 16
     1>..\..\examples\Importers\ImportURDFDemo\MyMultiBodyCreator.cpp(171): warning C4316: 'GenericConstraintUserInfo' : object allocated on the heap may not be aligned 16
     1>..\..\examples\SharedMemory\PhysicsServerCommandProcessor.cpp(190): warning C4996: 'sprintf': This function or variable may be unsafe. Consider using sprintf_s instead. To disable deprecation, use _CRT_SECURE_NO_WARNINGS. See online help for details.
                 C:\Program Files (x86)\Microsoft Visual Studio 12.0\VC\include\stdio.h(356) : see declaration of 'sprintf'
     1>..\..\examples\SharedMemory\PhysicsServerCommandProcessor.cpp(209): warning C4996: 'fopen': This function or variable may be unsafe. Consider using fopen_s instead. To disable deprecation, use _CRT_SECURE_NO_WARNINGS. See online help for details.
                 C:\Program Files (x86)\Microsoft Visual Studio 12.0\VC\include\stdio.h(211) : see declaration of 'fopen'
     1>..\..\examples\SharedMemory\PhysicsServerCommandProcessor.cpp(234): warning C4996: 'fopen': This function or variable may be unsafe. Consider using fopen_s instead. To disable deprecation, use _CRT_SECURE_NO_WARNINGS. See online help for details.
                 C:\Program Files (x86)\Microsoft Visual Studio 12.0\VC\include\stdio.h(211) : see declaration of 'fopen'
     1>..\..\examples\SharedMemory\PhysicsServerCommandProcessor.cpp(498): warning C4316: 'PhysicsServerCommandProcessorInternalData' : object allocated on the heap may not be aligned 16
         BulletUrdfImporter.cpp
     1>..\..\examples\SharedMemory\PhysicsServerCommandProcessor.cpp(920): warning C4244: '=' : conversion from 'const double' to 'btScalar', possible loss of data
     1>..\..\examples\SharedMemory\PhysicsServerCommandProcessor.cpp(921): warning C4244: '=' : conversion from 'const double' to 'btScalar', possible loss of data
     1>..\..\examples\SharedMemory\PhysicsServerCommandProcessor.cpp(922): warning C4244: '=' : conversion from 'const double' to 'btScalar', possible loss of data
     1>..\..\examples\SharedMemory\PhysicsServerCommandProcessor.cpp(926): warning C4244: '=' : conversion from 'const double' to 'btScalar', possible loss of data
     1>..\..\examples\SharedMemory\PhysicsServerCommandProcessor.cpp(927): warning C4244: '=' : conversion from 'const double' to 'btScalar', possible loss of data
     1>..\..\examples\SharedMemory\PhysicsServerCommandProcessor.cpp(928): warning C4244: '=' : conversion from 'const double' to 'btScalar', possible loss of data
     1>..\..\examples\SharedMemory\PhysicsServerCommandProcessor.cpp(929): warning C4244: '=' : conversion from 'const double' to 'btScalar', possible loss of data
     1>..\..\examples\SharedMemory\PhysicsServerCommandProcessor.cpp(931): warning C4800: 'const int' : forcing value to bool 'true' or 'false' (performance warning)
     1>..\..\examples\SharedMemory\PhysicsServerCommandProcessor.cpp(932): warning C4800: 'const int' : forcing value to bool 'true' or 'false' (performance warning)
     1>..\..\examples\SharedMemory\PhysicsServerCommandProcessor.cpp(986): warning C4316: 'btMultiBodyJointFeedback' : object allocated on the heap may not be aligned 16
     1>..\..\examples\SharedMemory\PhysicsServerCommandProcessor.cpp(1060): warning C4244: 'argument' : conversion from 'const double' to 'const btScalar', possible loss of data
     1>..\..\examples\SharedMemory\PhysicsServerCommandProcessor.cpp(1063): warning C4244: 'argument' : conversion from 'const double' to 'const btScalar', possible loss of data
     1>..\..\examples\SharedMemory\PhysicsServerCommandProcessor.cpp(1073): warning C4244: 'argument' : conversion from 'double' to 'btScalar', possible loss of data
     1>..\..\examples\SharedMemory\PhysicsServerCommandProcessor.cpp(1099): warning C4244: 'initializing' : conversion from 'const double' to 'btScalar', possible loss of data
     1>..\..\examples\SharedMemory\PhysicsServerCommandProcessor.cpp(1102): warning C4244: 'initializing' : conversion from 'const double' to 'btScalar', possible loss of data
     1>..\..\examples\SharedMemory\PhysicsServerCommandProcessor.cpp(1137): warning C4244: 'initializing' : conversion from 'const double' to 'btScalar', possible loss of data
     1>..\..\examples\SharedMemory\PhysicsServerCommandProcessor.cpp(1138): warning C4244: 'initializing' : conversion from 'const double' to 'btScalar', possible loss of data
     1>..\..\examples\SharedMemory\PhysicsServerCommandProcessor.cpp(1140): warning C4244: 'initializing' : conversion from 'const double' to 'btScalar', possible loss of data
     1>..\..\examples\SharedMemory\PhysicsServerCommandProcessor.cpp(1141): warning C4244: 'initializing' : conversion from 'const double' to 'btScalar', possible loss of data
     1>..\..\examples\SharedMemory\PhysicsServerCommandProcessor.cpp(1154): warning C4244: 'initializing' : conversion from 'const double' to 'btScalar', possible loss of data
     1>..\..\examples\SharedMemory\PhysicsServerCommandProcessor.cpp(1357): warning C4244: '=' : conversion from 'const double' to 'btScalar', possible loss of data
     1>..\..\examples\SharedMemory\PhysicsServerCommandProcessor.cpp(1363): warning C4244: 'argument' : conversion from 'const double' to 'const btScalar', possible loss of data
     1>..\..\examples\SharedMemory\PhysicsServerCommandProcessor.cpp(1397): warning C4244: 'argument' : conversion from 'const double' to 'const btScalar', possible loss of data
     1>..\..\examples\SharedMemory\PhysicsServerCommandProcessor.cpp(1406): warning C4244: 'argument' : conversion from 'const double' to 'const btScalar', possible loss of data
     1>..\..\examples\SharedMemory\PhysicsServerCommandProcessor.cpp(1416): warning C4244: 'argument' : conversion from 'const double' to 'btScalar', possible loss of data
     1>..\..\examples\SharedMemory\PhysicsServerCommandProcessor.cpp(1459): warning C4244: 'argument' : conversion from 'const double' to 'const btScalar', possible loss of data
     1>..\..\examples\SharedMemory\PhysicsServerCommandProcessor.cpp(1468): warning C4244: 'argument' : conversion from 'const double' to 'const btScalar', possible loss of data
     1>..\..\examples\SharedMemory\PhysicsServerCommandProcessor.cpp(1478): warning C4244: 'argument' : conversion from 'const double' to 'const btScalar', possible loss of data
     1>..\..\examples\SharedMemory\PhysicsServerCommandProcessor.cpp(1484): warning C4244: '=' : conversion from 'const double' to 'btScalar', possible loss of data
     1>..\..\examples\SharedMemory\PhysicsServerCommandProcessor.cpp(1564): warning C4244: '=' : conversion from 'const double' to 'btScalar', possible loss of data
     1>..\..\examples\SharedMemory\PhysicsServerCommandProcessor.cpp(1565): warning C4244: '=' : conversion from 'const double' to 'btScalar', possible loss of data
     1>..\..\examples\SharedMemory\PhysicsServerCommandProcessor.cpp(1566): warning C4244: '=' : conversion from 'const double' to 'btScalar', possible loss of data
     1>..\..\examples\SharedMemory\PhysicsServerCommandProcessor.cpp(1567): warning C4244: '=' : conversion from 'const double' to 'btScalar', possible loss of data
     1>..\..\examples\SharedMemory\PhysicsServerCommandProcessor.cpp(1589): warning C4244: 'argument' : conversion from 'const double' to 'const btScalar', possible loss of data
     1>..\..\examples\SharedMemory\PhysicsServerCommandProcessor.cpp(1592): warning C4244: 'argument' : conversion from 'const double' to 'const btScalar', possible loss of data
     1>..\..\examples\SharedMemory\PhysicsServerCommandProcessor.cpp(1604): warning C4244: 'argument' : conversion from 'const double' to 'const btScalar', possible loss of data
     1>..\..\examples\SharedMemory\PhysicsServerCommandProcessor.cpp(1607): warning C4244: 'argument' : conversion from 'const double' to 'const btScalar', possible loss of data
     1>..\..\examples\SharedMemory\PhysicsServerCommandProcessor.cpp(1706): warning C4316: 'btMultiBodyPoint2Point' : object allocated on the heap may not be aligned 16
         UrdfParser.cpp
     1>y:\downloads\bullet3-2.83.7\examples\importers\importurdfdemo\../ImportSTLDemo/LoadMeshFromSTL.h(21): warning C4996: 'fopen': This function or variable may be unsafe. Consider using fopen_s instead. To disable deprecation, use _CRT_SECURE_NO_WARNINGS. See online help for details. (..\..\examples\Importers\ImportURDFDemo\BulletUrdfImporter.cpp)
                 C:\Program Files (x86)\Microsoft Visual Studio 12.0\VC\include\stdio.h(211) : see declaration of 'fopen'
     1>Y:\Downloads\bullet3-2.83.7\src\Bullet3Common/b3FileUtils.h(25): warning C4996: 'sprintf': This function or variable may be unsafe. Consider using sprintf_s instead. To disable deprecation, use _CRT_SECURE_NO_WARNINGS. See online help for details. (..\..\examples\Importers\ImportURDFDemo\BulletUrdfImporter.cpp)
                 C:\Program Files (x86)\Microsoft Visual Studio 12.0\VC\include\stdio.h(356) : see declaration of 'sprintf'
     1>Y:\Downloads\bullet3-2.83.7\src\Bullet3Common/b3FileUtils.h(44): warning C4996: 'fopen': This function or variable may be unsafe. Consider using fopen_s instead. To disable deprecation, use _CRT_SECURE_NO_WARNINGS. See online help for details. (..\..\examples\Importers\ImportURDFDemo\BulletUrdfImporter.cpp)
                 C:\Program Files (x86)\Microsoft Visual Studio 12.0\VC\include\stdio.h(211) : see declaration of 'fopen'
     1>..\..\examples\Importers\ImportURDFDemo\BulletUrdfImporter.cpp(108): warning C4800: 'int' : forcing value to bool 'true' or 'false' (performance warning)
     1>..\..\examples\Importers\ImportURDFDemo\BulletUrdfImporter.cpp(226): warning C4244: '=' : conversion from 'double' to 'btScalar', possible loss of data
     1>..\..\examples\Importers\ImportURDFDemo\BulletUrdfImporter.cpp(229): warning C4244: 'argument' : conversion from 'double' to 'const btScalar', possible loss of data
     1>..\..\examples\Importers\ImportURDFDemo\BulletUrdfImporter.cpp(257): warning C4244: '=' : conversion from 'double' to 'btScalar', possible loss of data
     1>..\..\examples\Importers\ImportURDFDemo\BulletUrdfImporter.cpp(258): warning C4244: '=' : conversion from 'double' to 'btScalar', possible loss of data
     1>..\..\examples\Importers\ImportURDFDemo\BulletUrdfImporter.cpp(293): warning C4244: 'initializing' : conversion from 'const double' to 'btScalar', possible loss of data
     1>..\..\examples\Importers\ImportURDFDemo\BulletUrdfImporter.cpp(294): warning C4244: 'initializing' : conversion from 'const double' to 'btScalar', possible loss of data
     1>..\..\examples\Importers\ImportURDFDemo\BulletUrdfImporter.cpp(296): warning C4244: 'argument' : conversion from 'double' to 'const btScalar', possible loss of data
     1>..\..\examples\Importers\ImportURDFDemo\BulletUrdfImporter.cpp(298): warning C4244: '=' : conversion from 'double' to 'btScalar', possible loss of data
     1>..\..\examples\Importers\ImportURDFDemo\BulletUrdfImporter.cpp(322): warning C4244: 'initializing' : conversion from 'const double' to 'btScalar', possible loss of data
     1>..\..\examples\Importers\ImportURDFDemo\BulletUrdfImporter.cpp(351): warning C4996: 'sprintf': This function or variable may be unsafe. Consider using sprintf_s instead. To disable deprecation, use _CRT_SECURE_NO_WARNINGS. See online help for details.
                 C:\Program Files (x86)\Microsoft Visual Studio 12.0\VC\include\stdio.h(356) : see declaration of 'sprintf'
     1>..\..\examples\Importers\ImportURDFDemo\BulletUrdfImporter.cpp(354): warning C4996: 'sprintf': This function or variable may be unsafe. Consider using sprintf_s instead. To disable deprecation, use _CRT_SECURE_NO_WARNINGS. See online help for details.
                 C:\Program Files (x86)\Microsoft Visual Studio 12.0\VC\include\stdio.h(356) : see declaration of 'sprintf'
     1>..\..\examples\Importers\ImportURDFDemo\BulletUrdfImporter.cpp(370): warning C4996: 'sprintf': This function or variable may be unsafe. Consider using sprintf_s instead. To disable deprecation, use _CRT_SECURE_NO_WARNINGS. See online help for details.
                 C:\Program Files (x86)\Microsoft Visual Studio 12.0\VC\include\stdio.h(356) : see declaration of 'sprintf'
     1>..\..\examples\Importers\ImportURDFDemo\BulletUrdfImporter.cpp(371): warning C4996: 'fopen': This function or variable may be unsafe. Consider using fopen_s instead. To disable deprecation, use _CRT_SECURE_NO_WARNINGS. See online help for details.
                 C:\Program Files (x86)\Microsoft Visual Studio 12.0\VC\include\stdio.h(211) : see declaration of 'fopen'
     1>..\..\examples\Importers\ImportURDFDemo\BulletUrdfImporter.cpp(597): warning C4244: 'initializing' : conversion from 'const double' to 'btScalar', possible loss of data
     1>..\..\examples\Importers\ImportURDFDemo\BulletUrdfImporter.cpp(598): warning C4244: 'initializing' : conversion from 'const double' to 'btScalar', possible loss of data
     1>..\..\examples\Importers\ImportURDFDemo\BulletUrdfImporter.cpp(606): warning C4244: 'argument' : conversion from 'double' to 'const btScalar', possible loss of data
     1>..\..\examples\Importers\ImportURDFDemo\BulletUrdfImporter.cpp(608): warning C4244: '=' : conversion from 'double' to 'btScalar', possible loss of data
     1>..\..\examples\Importers\ImportURDFDemo\BulletUrdfImporter.cpp(638): warning C4244: 'initializing' : conversion from 'const double' to 'btScalar', possible loss of data
     1>..\..\examples\Importers\ImportURDFDemo\BulletUrdfImporter.cpp(660): warning C4996: 'sprintf': This function or variable may be unsafe. Consider using sprintf_s instead. To disable deprecation, use _CRT_SECURE_NO_WARNINGS. See online help for details.
                 C:\Program Files (x86)\Microsoft Visual Studio 12.0\VC\include\stdio.h(356) : see declaration of 'sprintf'
     1>..\..\examples\Importers\ImportURDFDemo\BulletUrdfImporter.cpp(667): warning C4996: 'sprintf': This function or variable may be unsafe. Consider using sprintf_s instead. To disable deprecation, use _CRT_SECURE_NO_WARNINGS. See online help for details.
                 C:\Program Files (x86)\Microsoft Visual Studio 12.0\VC\include\stdio.h(356) : see declaration of 'sprintf'
     1>..\..\examples\Importers\ImportURDFDemo\BulletUrdfImporter.cpp(684): warning C4996: 'sprintf': This function or variable may be unsafe. Consider using sprintf_s instead. To disable deprecation, use _CRT_SECURE_NO_WARNINGS. See online help for details.
                 C:\Program Files (x86)\Microsoft Visual Studio 12.0\VC\include\stdio.h(356) : see declaration of 'sprintf'
     1>..\..\examples\Importers\ImportURDFDemo\BulletUrdfImporter.cpp(685): warning C4996: 'fopen': This function or variable may be unsafe. Consider using fopen_s instead. To disable deprecation, use _CRT_SECURE_NO_WARNINGS. See online help for details.
                 C:\Program Files (x86)\Microsoft Visual Studio 12.0\VC\include\stdio.h(211) : see declaration of 'fopen'
     1>..\..\examples\Importers\ImportURDFDemo\UrdfParser.cpp(25): warning C4244: 'argument' : conversion from 'double' to 'const float', possible loss of data
     1>..\..\examples\Importers\ImportURDFDemo\UrdfParser.cpp(46): warning C4244: 'argument' : conversion from 'double' to 'const float', possible loss of data
     1>..\..\examples\Importers\ImportURDFDemo\UrdfParser.cpp(134): warning C4244: 'argument' : conversion from 'double' to 'const btScalar', possible loss of data
     1>..\..\examples\Importers\ImportURDFDemo\UrdfParser.cpp(349): warning C4316: 'UrdfMaterial' : object allocated on the heap may not be aligned 16
     1>..\..\examples\Importers\ImportURDFDemo\UrdfParser.cpp(754): warning C4316: 'UrdfMaterial' : object allocated on the heap may not be aligned 16
     1>..\..\examples\Importers\ImportURDFDemo\UrdfParser.cpp(770): warning C4996: 'sprintf': This function or variable may be unsafe. Consider using sprintf_s instead. To disable deprecation, use _CRT_SECURE_NO_WARNINGS. See online help for details.
                 C:\Program Files (x86)\Microsoft Visual Studio 12.0\VC\include\stdio.h(356) : see declaration of 'sprintf'
     1>..\..\examples\Importers\ImportURDFDemo\UrdfParser.cpp(776): warning C4316: 'UrdfLink' : object allocated on the heap may not be aligned 16
     1>..\..\examples\Importers\ImportURDFDemo\UrdfParser.cpp(824): warning C4316: 'UrdfJoint' : object allocated on the heap may not be aligned 16
         urdfStringSplit.cpp
         URDF2Bullet.cpp
         b3ResourcePath.cpp
         b3Clock.cpp
         btBulletWorldImporter.cpp
     1>Y:\Downloads\bullet3-2.83.7\src\Bullet3Common/b3FileUtils.h(21): warning C4996: 'fopen': This function or variable may be unsafe. Consider using fopen_s instead. To disable deprecation, use _CRT_SECURE_NO_WARNINGS. See online help for details. (..\..\examples\Utils\b3ResourcePath.cpp)
                 C:\Program Files (x86)\Microsoft Visual Studio 12.0\VC\include\stdio.h(211) : see declaration of 'fopen'
     1>Y:\Downloads\bullet3-2.83.7\src\Bullet3Common/b3FileUtils.h(25): warning C4996: 'sprintf': This function or variable may be unsafe. Consider using sprintf_s instead. To disable deprecation, use _CRT_SECURE_NO_WARNINGS. See online help for details. (..\..\examples\Utils\b3ResourcePath.cpp)
                 C:\Program Files (x86)\Microsoft Visual Studio 12.0\VC\include\stdio.h(356) : see declaration of 'sprintf'
     1>Y:\Downloads\bullet3-2.83.7\src\Bullet3Common/b3FileUtils.h(44): warning C4996: 'fopen': This function or variable may be unsafe. Consider using fopen_s instead. To disable deprecation, use _CRT_SECURE_NO_WARNINGS. See online help for details. (..\..\examples\Utils\b3ResourcePath.cpp)
                 C:\Program Files (x86)\Microsoft Visual Studio 12.0\VC\include\stdio.h(211) : see declaration of 'fopen'
     1>..\..\examples\Utils\b3ResourcePath.cpp(67): warning C4996: 'sprintf': This function or variable may be unsafe. Consider using sprintf_s instead. To disable deprecation, use _CRT_SECURE_NO_WARNINGS. See online help for details.
                 C:\Program Files (x86)\Microsoft Visual Studio 12.0\VC\include\stdio.h(356) : see declaration of 'sprintf'
     1>..\..\examples\Utils\b3ResourcePath.cpp(74): warning C4996: 'sprintf': This function or variable may be unsafe. Consider using sprintf_s instead. To disable deprecation, use _CRT_SECURE_NO_WARNINGS. See online help for details.
                 C:\Program Files (x86)\Microsoft Visual Studio 12.0\VC\include\stdio.h(356) : see declaration of 'sprintf'
         btWorldImporter.cpp
     1>..\..\Extras\Serialize\BulletWorldImporter\btWorldImporter.cpp(1000): warning C4800: 'char' : forcing value to bool 'true' or 'false' (performance warning)
     1>..\..\Extras\Serialize\BulletWorldImporter\btWorldImporter.cpp(1004): warning C4800: 'char' : forcing value to bool 'true' or 'false' (performance warning)
     1>..\..\Extras\Serialize\BulletWorldImporter\btWorldImporter.cpp(1007): warning C4800: 'char' : forcing value to bool 'true' or 'false' (performance warning)
     1>..\..\Extras\Serialize\BulletWorldImporter\btWorldImporter.cpp(1278): warning C4244: 'argument' : conversion from 'double' to 'btScalar', possible loss of data
     1>..\..\Extras\Serialize\BulletWorldImporter\btWorldImporter.cpp(1327): warning C4800: 'char' : forcing value to bool 'true' or 'false' (performance warning)
     1>..\..\Extras\Serialize\BulletWorldImporter\btWorldImporter.cpp(1327): warning C4244: 'argument' : conversion from 'double' to 'btScalar', possible loss of data
     1>..\..\Extras\Serialize\BulletWorldImporter\btWorldImporter.cpp(1328): warning C4244: 'argument' : conversion from 'double' to 'btScalar', possible loss of data
     1>..\..\Extras\Serialize\BulletWorldImporter\btWorldImporter.cpp(1330): warning C4800: 'char' : forcing value to bool 'true' or 'false' (performance warning)
     1>..\..\Extras\Serialize\BulletWorldImporter\btWorldImporter.cpp(1330): warning C4244: 'argument' : conversion from 'double' to 'btScalar', possible loss of data
     1>..\..\Extras\Serialize\BulletWorldImporter\btWorldImporter.cpp(1334): warning C4800: 'char' : forcing value to bool 'true' or 'false' (performance warning)
     1>..\..\Extras\Serialize\BulletWorldImporter\btWorldImporter.cpp(1334): warning C4244: 'argument' : conversion from 'double' to 'btScalar', possible loss of data
     1>..\..\Extras\Serialize\BulletWorldImporter\btWorldImporter.cpp(1335): warning C4244: 'argument' : conversion from 'double' to 'btScalar', possible loss of data
     1>..\..\Extras\Serialize\BulletWorldImporter\btWorldImporter.cpp(1337): warning C4800: 'char' : forcing value to bool 'true' or 'false' (performance warning)
     1>..\..\Extras\Serialize\BulletWorldImporter\btWorldImporter.cpp(1337): warning C4244: 'argument' : conversion from 'double' to 'btScalar', possible loss of data
         bChunk.cpp
         bDNA.cpp
         bFile.cpp
         btBulletFile.cpp
     1>..\..\Extras\Serialize\BulletFileLoader\bFile.cpp(70): warning C4996: 'fopen': This function or variable may be unsafe. Consider using fopen_s instead. To disable deprecation, use _CRT_SECURE_NO_WARNINGS. See online help for details.
                 C:\Program Files (x86)\Microsoft Visual Studio 12.0\VC\include\stdio.h(211) : see declaration of 'fopen'
     1>..\..\Extras\Serialize\BulletFileLoader\bFile.cpp(585): warning C4996: 'fopen': This function or variable may be unsafe. Consider using fopen_s instead. To disable deprecation, use _CRT_SECURE_NO_WARNINGS. See online help for details.
                 C:\Program Files (x86)\Microsoft Visual Studio 12.0\VC\include\stdio.h(211) : see declaration of 'fopen'
         Wavefront2GLInstanceGraphicsShape.cpp
     1>..\..\Extras\Serialize\BulletFileLoader\btBulletFile.cpp(371): warning C4996: 'fopen': This function or variable may be unsafe. Consider using fopen_s instead. To disable deprecation, use _CRT_SECURE_NO_WARNINGS. See online help for details.
                 C:\Program Files (x86)\Microsoft Visual Studio 12.0\VC\include\stdio.h(211) : see declaration of 'fopen'
         LoadMeshFromObj.cpp
         LoadMeshFromCollada.cpp
     1>Y:\Downloads\bullet3-2.83.7\src\Bullet3Common/b3FileUtils.h(21): warning C4996: 'fopen': This function or variable may be unsafe. Consider using fopen_s instead. To disable deprecation, use _CRT_SECURE_NO_WARNINGS. See online help for details. (..\..\examples\Importers\ImportColladaDemo\LoadMeshFromCollada.cpp)
                 C:\Program Files (x86)\Microsoft Visual Studio 12.0\VC\include\stdio.h(211) : see declaration of 'fopen'
     1>Y:\Downloads\bullet3-2.83.7\src\Bullet3Common/b3FileUtils.h(25): warning C4996: 'sprintf': This function or variable may be unsafe. Consider using sprintf_s instead. To disable deprecation, use _CRT_SECURE_NO_WARNINGS. See online help for details. (..\..\examples\Importers\ImportColladaDemo\LoadMeshFromCollada.cpp)
                 C:\Program Files (x86)\Microsoft Visual Studio 12.0\VC\include\stdio.h(356) : see declaration of 'sprintf'
     1>Y:\Downloads\bullet3-2.83.7\src\Bullet3Common/b3FileUtils.h(44): warning C4996: 'fopen': This function or variable may be unsafe. Consider using fopen_s instead. To disable deprecation, use _CRT_SECURE_NO_WARNINGS. See online help for details. (..\..\examples\Importers\ImportColladaDemo\LoadMeshFromCollada.cpp)
                 C:\Program Files (x86)\Microsoft Visual Studio 12.0\VC\include\stdio.h(211) : see declaration of 'fopen'
     1>..\..\examples\Importers\ImportColladaDemo\LoadMeshFromCollada.cpp(47): warning C4244: 'initializing' : conversion from 'double' to 'float', possible loss of data
     1>..\..\examples\Importers\ImportColladaDemo\LoadMeshFromCollada.cpp(59): warning C4244: 'initializing' : conversion from 'int' to 'float', possible loss of data
     1>..\..\examples\Importers\ImportColladaDemo\LoadMeshFromCollada.cpp(60): warning C4244: 'argument' : conversion from 'float' to 'const int', possible loss of data
     1>..\..\examples\Importers\ImportColladaDemo\LoadMeshFromCollada.cpp(496): warning C4244: '=' : conversion from 'double' to 'float', possible loss of data
         tiny_obj_loader.cpp
         pose.cpp
     1>Y:\Downloads\bullet3-2.83.7\examples\ThirdPartyLibs\urdf/urdfdom_headers/urdf_model/include/urdf_model/pose.h(82): warning C4101: 'e' : unreferenced local variable (..\..\examples\ThirdPartyLibs\urdf\urdfdom\urdf_parser\src\pose.cpp)
     1>..\..\examples\ThirdPartyLibs\Wavefront\tiny_obj_loader.cpp(353): warning C4996: 'sscanf': This function or variable may be unsafe. Consider using sscanf_s instead. To disable deprecation, use _CRT_SECURE_NO_WARNINGS. See online help for details.
                 C:\Program Files (x86)\Microsoft Visual Studio 12.0\VC\include\stdio.h(304) : see declaration of 'sscanf'
     1>..\..\examples\ThirdPartyLibs\Wavefront\tiny_obj_loader.cpp(589): warning C4996: 'sscanf': This function or variable may be unsafe. Consider using sscanf_s instead. To disable deprecation, use _CRT_SECURE_NO_WARNINGS. See online help for details.
                 C:\Program Files (x86)\Microsoft Visual Studio 12.0\VC\include\stdio.h(304) : see declaration of 'sscanf'
     1>..\..\examples\ThirdPartyLibs\Wavefront\tiny_obj_loader.cpp(605): warning C4996: 'sscanf': This function or variable may be unsafe. Consider using sscanf_s instead. To disable deprecation, use _CRT_SECURE_NO_WARNINGS. See online help for details.
                 C:\Program Files (x86)\Microsoft Visual Studio 12.0\VC\include\stdio.h(304) : see declaration of 'sscanf'
     1>..\..\examples\ThirdPartyLibs\Wavefront\tiny_obj_loader.cpp(661): warning C4996: 'sscanf': This function or variable may be unsafe. Consider using sscanf_s instead. To disable deprecation, use _CRT_SECURE_NO_WARNINGS. See online help for details.
                 C:\Program Files (x86)\Microsoft Visual Studio 12.0\VC\include\stdio.h(304) : see declaration of 'sscanf'
         model.cpp
         link.cpp
     1>Y:\Downloads\bullet3-2.83.7\examples\ThirdPartyLibs\urdf/urdfdom_headers/urdf_model/include/urdf_model/pose.h(82): warning C4101: 'e' : unreferenced local variable (..\..\examples\ThirdPartyLibs\urdf\urdfdom\urdf_parser\src\model.cpp)
     1>y:\downloads\bullet3-2.83.7\examples\thirdpartylibs\urdf\urdfdom_headers\urdf_model\include\urdf_model\color.h(76): warning C4244: 'argument' : conversion from 'double' to 'float', possible loss of data (..\..\examples\ThirdPartyLibs\urdf\urdfdom\urdf_parser\src\model.cpp)
     1>y:\downloads\bullet3-2.83.7\examples\thirdpartylibs\urdf\urdfdom_headers\urdf_model\include\urdf_model\color.h(78): warning C4101: 'e' : unreferenced local variable (..\..\examples\ThirdPartyLibs\urdf\urdfdom\urdf_parser\src\model.cpp)
     1>..\..\examples\ThirdPartyLibs\urdf\urdfdom\urdf_parser\src\model.cpp(106): warning C4101: 'e' : unreferenced local variable
     1>..\..\examples\ThirdPartyLibs\urdf\urdfdom\urdf_parser\src\model.cpp(163): warning C4101: 'e' : unreferenced local variable
     1>Y:\Downloads\bullet3-2.83.7\examples\ThirdPartyLibs\urdf/urdfdom_headers/urdf_model/include/urdf_model/pose.h(82): warning C4101: 'e' : unreferenced local variable (..\..\examples\ThirdPartyLibs\urdf\urdfdom\urdf_parser\src\link.cpp)
     1>y:\downloads\bullet3-2.83.7\examples\thirdpartylibs\urdf\urdfdom_headers\urdf_model\include\urdf_model\color.h(76): warning C4244: 'argument' : conversion from 'double' to 'float', possible loss of data (..\..\examples\ThirdPartyLibs\urdf\urdfdom\urdf_parser\src\link.cpp)
     1>y:\downloads\bullet3-2.83.7\examples\thirdpartylibs\urdf\urdfdom_headers\urdf_model\include\urdf_model\color.h(78): warning C4101: 'e' : unreferenced local variable (..\..\examples\ThirdPartyLibs\urdf\urdfdom\urdf_parser\src\link.cpp)
     1>..\..\examples\ThirdPartyLibs\urdf\urdfdom\urdf_parser\src\link.cpp(133): warning C4101: 'e' : unreferenced local variable
     1>..\..\examples\ThirdPartyLibs\urdf\urdfdom\urdf_parser\src\link.cpp(184): warning C4101: 'e' : unreferenced local variable
     1>..\..\examples\ThirdPartyLibs\urdf\urdfdom\urdf_parser\src\link.cpp(197): warning C4101: 'e' : unreferenced local variable
     1>..\..\examples\ThirdPartyLibs\urdf\urdfdom\urdf_parser\src\link.cpp(316): warning C4101: 'e' : unreferenced local variable
     1>..\..\examples\ThirdPartyLibs\urdf\urdfdom\urdf_parser\src\link.cpp(348): warning C4101: 'e' : unreferenced local variable
         joint.cpp
         tinystr.cpp
         tinyxml.cpp
         tinyxmlerror.cpp
         tinyxmlparser.cpp
     1>Y:\Downloads\bullet3-2.83.7\examples\ThirdPartyLibs\urdf/urdfdom_headers/urdf_model/include/urdf_model/pose.h(82): warning C4101: 'e' : unreferenced local variable (..\..\examples\ThirdPartyLibs\urdf\urdfdom\urdf_parser\src\joint.cpp)
     1>y:\downloads\bullet3-2.83.7\examples\thirdpartylibs\urdf\urdfdom_headers\urdf_model\include\urdf_model\color.h(76): warning C4244: 'argument' : conversion from 'double' to 'float', possible loss of data (..\..\examples\ThirdPartyLibs\urdf\urdfdom\urdf_parser\src\joint.cpp)
     1>y:\downloads\bullet3-2.83.7\examples\thirdpartylibs\urdf\urdfdom_headers\urdf_model\include\urdf_model\color.h(78): warning C4101: 'e' : unreferenced local variable (..\..\examples\ThirdPartyLibs\urdf\urdfdom\urdf_parser\src\joint.cpp)
         printf_console.cpp
     1>..\..\examples\ThirdPartyLibs\urdf\urdfdom\urdf_parser\src\joint.cpp(107): warning C4244: 'argument' : conversion from 'double' to 'float', possible loss of data
         string_split.cpp
       Link:
         C:\Program Files (x86)\Microsoft Visual Studio 12.0\VC\bin\link.exe /ERRORREPORT:PROMPT /OUT:"..\..\bin\App_SharedMemoryPhysics_vs2010_debug.exe" /INCREMENTAL /NOLOGO /LIBPATH:"C:\Gamedev\Visual Leak Detector\lib\Win32" ..\..\bin\Bullet3Common_vs2010_debug.lib ..\..\bin\BulletDynamics_vs2010_debug.lib ..\..\bin\BulletCollision_vs2010_debug.lib ..\..\bin\LinearMath_vs2010_debug.lib kernel32.lib user32.lib gdi32.lib winspool.lib comdlg32.lib advapi32.lib shell32.lib ole32.lib oleaut32.lib uuid.lib odbc32.lib odbccp32.lib /MANIFEST /MANIFESTUAC:"level='asInvoker' uiAccess='false'" /manifest:embed /DEBUG /PDB:"..\..\bin\App_SharedMemoryPhysics_vs2010_debug.pdb" /SUBSYSTEM:CONSOLE /TLBID:1 /ENTRY:"mainCRTStartup" /DYNAMICBASE /NXCOMPAT /IMPLIB:"..\..\bin\App_SharedMemoryPhysics_vs2010_debug.lib" /MACHINE:X86 obj\x32\Debug\App_SharedMemoryPhysics\PhysicsClient.obj
         obj\x32\Debug\App_SharedMemoryPhysics\PhysicsClientSharedMemory.obj
         obj\x32\Debug\App_SharedMemoryPhysics\PhysicsClientExample.obj
         obj\x32\Debug\App_SharedMemoryPhysics\PhysicsServerExample.obj
         obj\x32\Debug\App_SharedMemoryPhysics\PhysicsServerSharedMemory.obj
         obj\x32\Debug\App_SharedMemoryPhysics\PhysicsServer.obj
         obj\x32\Debug\App_SharedMemoryPhysics\main.obj
         obj\x32\Debug\App_SharedMemoryPhysics\PhysicsClientC_API.obj
         obj\x32\Debug\App_SharedMemoryPhysics\PosixSharedMemory.obj
         obj\x32\Debug\App_SharedMemoryPhysics\Win32SharedMemory.obj
         obj\x32\Debug\App_SharedMemoryPhysics\PhysicsDirect.obj
         obj\x32\Debug\App_SharedMemoryPhysics\PhysicsDirectC_API.obj
         obj\x32\Debug\App_SharedMemoryPhysics\PhysicsLoopBack.obj
         obj\x32\Debug\App_SharedMemoryPhysics\PhysicsLoopBackC_API.obj
         obj\x32\Debug\App_SharedMemoryPhysics\PhysicsServerCommandProcessor.obj
         obj\x32\Debug\App_SharedMemoryPhysics\MyMultiBodyCreator.obj
         obj\x32\Debug\App_SharedMemoryPhysics\BulletUrdfImporter.obj
         obj\x32\Debug\App_SharedMemoryPhysics\UrdfParser.obj
         obj\x32\Debug\App_SharedMemoryPhysics\urdfStringSplit.obj
         obj\x32\Debug\App_SharedMemoryPhysics\URDF2Bullet.obj
         obj\x32\Debug\App_SharedMemoryPhysics\b3ResourcePath.obj
         obj\x32\Debug\App_SharedMemoryPhysics\b3Clock.obj
         obj\x32\Debug\App_SharedMemoryPhysics\btBulletWorldImporter.obj
         obj\x32\Debug\App_SharedMemoryPhysics\btWorldImporter.obj
         obj\x32\Debug\App_SharedMemoryPhysics\bChunk.obj
         obj\x32\Debug\App_SharedMemoryPhysics\bDNA.obj
         obj\x32\Debug\App_SharedMemoryPhysics\bFile.obj
         obj\x32\Debug\App_SharedMemoryPhysics\btBulletFile.obj
         obj\x32\Debug\App_SharedMemoryPhysics\Wavefront2GLInstanceGraphicsShape.obj
         obj\x32\Debug\App_SharedMemoryPhysics\LoadMeshFromObj.obj
         obj\x32\Debug\App_SharedMemoryPhysics\LoadMeshFromCollada.obj
         obj\x32\Debug\App_SharedMemoryPhysics\tiny_obj_loader.obj
         obj\x32\Debug\App_SharedMemoryPhysics\pose.obj
         obj\x32\Debug\App_SharedMemoryPhysics\model.obj
         obj\x32\Debug\App_SharedMemoryPhysics\link.obj
         obj\x32\Debug\App_SharedMemoryPhysics\joint.obj
         obj\x32\Debug\App_SharedMemoryPhysics\tinystr.obj
         obj\x32\Debug\App_SharedMemoryPhysics\tinyxml.obj
         obj\x32\Debug\App_SharedMemoryPhysics\tinyxmlerror.obj
         obj\x32\Debug\App_SharedMemoryPhysics\tinyxmlparser.obj
         obj\x32\Debug\App_SharedMemoryPhysics\printf_console.obj
         obj\x32\Debug\App_SharedMemoryPhysics\string_split.obj
         App_SharedMemoryPhysics.vcxproj -> Y:\Downloads\bullet3-2.83.7\build3\vs2010\..\..\bin\App_SharedMemoryPhysics_vs2010_debug.exe
     1>Done Building Project "Y:\Downloads\bullet3-2.83.7\build3\vs2010\App_SharedMemoryPhysics.vcxproj" (Build target(s)).

Build succeeded.

Time Elapsed 00:01:33.45
