Build started 2016-04-25 7:11:44 PM.
     1>Project "C:\Users\edwin\Documents\GitHub\Hurricane\Hurricane\Prototype\Prototype.vcxproj" on node 2 (Build target(s)).
     1>ClCompile:
         C:\Program Files (x86)\Microsoft Visual Studio 12.0\VC\bin\CL.exe /c /I"C:\Users\edwin\Documents\GitHub\Hurricane\Hurricane\\Hurricane-Core\Dependencies\ODE\ode_include" /I"C:\Users\edwin\Documents\GitHub\Hurricane\Hurricane\\Hurricane-Core\Dependencies\SDL\SDL_Mixer\include" /I"C:\Users\edwin\Documents\GitHub\Hurricane\Hurricane\\Hurricane-Core\Dependencies\SDL\SDL_Image\include" /I"C:\Users\edwin\Documents\GitHub\Hurricane\Hurricane\\Hurricane-Core\Dependencies\SDL\include" /I"C:\Users\edwin\Documents\GitHub\Hurricane\Hurricane\\Hurricane-Core" /ZI /nologo /W3 /WX- /sdl /Od /Oy- /D _MBCS /Gm /EHsc /RTC1 /MDd /GS /fp:precise /Zc:wchar_t /Zc:forScope /Fo"Debug\\" /Fd"Debug\vc120.pdb" /Gd /TP /analyze- /errorReport:prompt WhiteBox.cpp
         WhiteBox.cpp
       Link:
         C:\Program Files (x86)\Microsoft Visual Studio 12.0\VC\bin\link.exe /ERRORREPORT:PROMPT /OUT:"C:\Users\edwin\Documents\GitHub\Hurricane\Hurricane\Debug\Prototype.exe" /INCREMENTAL /NOLOGO /LIBPATH:"C:\Users\edwin\Documents\GitHub\Hurricane\Hurricane\\Hurricane-Core\Dependencies\SDL\SDL_Mixer\lib\x86" /LIBPATH:"C:\Users\edwin\Documents\GitHub\Hurricane\Hurricane\\Hurricane-Core\Dependencies\SDL\SDL_Image\lib\x86" /LIBPATH:"C:\Users\edwin\Documents\GitHub\Hurricane\Hurricane\\Hurricane-Core\Dependencies\SDL\lib\x86" /LIBPATH:"C:\Users\edwin\Documents\GitHub\Hurricane\Hurricane\\Hurricane-Core\Dependencies\ODE\lib" /LIBPATH:C:\Users\edwin\Documents\GitHub\Hurricane\Hurricane\\Debug "Hurricane-Core.lib" SDL2.lib SDL2main.lib SDL2_image.lib SDL2_mixer.lib ode.lib kernel32.lib user32.lib gdi32.lib winspool.lib comdlg32.lib advapi32.lib shell32.lib ole32.lib oleaut32.lib uuid.lib odbc32.lib odbccp32.lib /NODEFAULTLIB:LIBC.lib /MANIFEST /MANIFESTUAC:"level='asInvoker' uiAccess='false'" /manifest:embed /DEBUG /PDB:"C:\Users\edwin\Documents\GitHub\Hurricane\Hurricane\Debug\Prototype.pdb" /SUBSYSTEM:CONSOLE /TLBID:1 /DYNAMICBASE /NXCOMPAT /IMPLIB:"C:\Users\edwin\Documents\GitHub\Hurricane\Hurricane\Debug\Prototype.lib" /MACHINE:X86 Debug\GameplayScene.obj
         Debug\GameSceneManager.obj
         Debug\HockeyStick.obj
         Debug\Main.obj
         Debug\Player.obj
         Debug\Puck.obj
         Debug\PuckManager.obj
         Debug\RinkLevelMap.obj
         Debug\SceneLoader.obj
         Debug\TitleScene.obj
         Debug\WhiteBox.obj
         Prototype.vcxproj -> C:\Users\edwin\Documents\GitHub\Hurricane\Hurricane\Debug\Prototype.exe
     1>Done Building Project "C:\Users\edwin\Documents\GitHub\Hurricane\Hurricane\Prototype\Prototype.vcxproj" (Build target(s)).

Build succeeded.

Time Elapsed 00:00:00.77
