y:\github\hurricane\hurricane\prototype\debug\vc120.pdb
y:\github\hurricane\hurricane\prototype\debug\vc120.idb
y:\github\hurricane\hurricane\prototype\debug\gamescenemanager.obj
y:\github\hurricane\hurricane\prototype\debug\main.obj
y:\github\hurricane\hurricane\prototype\debug\scene0.obj
y:\github\hurricane\hurricane\debug\prototype.pdb
y:\github\hurricane\hurricane\prototype\debug\prototype.tlog\cl.command.1.tlog
y:\github\hurricane\hurricane\prototype\debug\prototype.tlog\cl.read.1.tlog
y:\github\hurricane\hurricane\prototype\debug\prototype.tlog\cl.write.1.tlog
y:\github\hurricane\hurricane\prototype\debug\prototype.tlog\link-cvtres.read.1.tlog
y:\github\hurricane\hurricane\prototype\debug\prototype.tlog\link-cvtres.write.1.tlog
y:\github\hurricane\hurricane\prototype\debug\prototype.tlog\link-rc.read.1.tlog
y:\github\hurricane\hurricane\prototype\debug\prototype.tlog\link-rc.write.1.tlog
y:\github\hurricane\hurricane\prototype\debug\prototype.tlog\link.4404-cvtres.read.1.tlog
y:\github\hurricane\hurricane\prototype\debug\prototype.tlog\link.4404-cvtres.write.1.tlog
y:\github\hurricane\hurricane\prototype\debug\prototype.tlog\link.4404-rc.read.1.tlog
y:\github\hurricane\hurricane\prototype\debug\prototype.tlog\link.4404-rc.write.1.tlog
y:\github\hurricane\hurricane\prototype\debug\prototype.tlog\link.4404.read.1.tlog
y:\github\hurricane\hurricane\prototype\debug\prototype.tlog\link.4404.write.1.tlog
y:\github\hurricane\hurricane\prototype\debug\prototype.tlog\link.command.1.tlog
y:\github\hurricane\hurricane\prototype\debug\prototype.tlog\link.read.1.tlog
y:\github\hurricane\hurricane\prototype\debug\prototype.tlog\link.write.1.tlog
