Build started 2016-04-21 2:18:05 PM.
     1>Project "C:\Users\edwin\Documents\GitHub\Hurricane\Hurricane\Hurricane-Core\Hurricane-Core.vcxproj" on node 2 (Build target(s)).
     1>Lib:
         C:\Program Files (x86)\Microsoft Visual Studio 12.0\VC\bin\Lib.exe /OUT:"C:\Users\edwin\Documents\GitHub\Hurricane\Hurricane\Debug\Hurricane-Core.lib" /NOLOGO Debug\AABB.obj
         Debug\Audio.obj
         Debug\Collider.obj
         Debug\Component.obj
         Debug\Controller.obj
         Debug\Debug.obj
         Debug\GameObject.obj
         Debug\GUIText.obj
         Debug\Texture.obj
         Debug\MMath.obj
         Debug\Music.obj
         Debug\Timer.obj
         Debug\VMath.obj
         Debug\Window.obj
         Debug\World.obj
     1>Collider.obj : warning LNK4221: This object file does not define any previously undefined public symbols, so it will not be used by any link operation that consumes this library
         Hurricane-Core.vcxproj -> C:\Users\edwin\Documents\GitHub\Hurricane\Hurricane\Debug\Hurricane-Core.lib
     1>Done Building Project "C:\Users\edwin\Documents\GitHub\Hurricane\Hurricane\Hurricane-Core\Hurricane-Core.vcxproj" (Build target(s)).

Build succeeded.

Time Elapsed 00:00:00.29
