Build started 2/11/2016 12:24:13 PM.
     1>Project "Y:\Downloads\bullet3-2.83.7\build3\vs2010\BulletInverseDynamics.vcxproj" on node 2 (Build target(s)).
     1>ClCompile:
         C:\Program Files (x86)\Microsoft Visual Studio 12.0\VC\bin\CL.exe /c /I..\..\src /I"C:\Gamedev\Visual Leak Detector\include" /Zi /nologo /W3 /WX- /Od /Oy- /D _DEBUG=1 /D _MBCS /Gm- /EHsc /RTC1 /MTd /GS /Gy /fp:fast /Zc:wchar_t /Zc:forScope /Fo"obj\x32\Debug\BulletInverseDynamics\\" /Fd"..\..\bin\BulletInverseDynamics_vs2010_debug.pdb" /Gd /TP /analyze- /errorReport:prompt /MP ..\..\src\BulletInverseDynamics\IDMath.cpp ..\..\src\BulletInverseDynamics\MultiBodyTree.cpp ..\..\src\BulletInverseDynamics\details\MultiBodyTreeInitCache.cpp ..\..\src\BulletInverseDynamics\details\MultiBodyTreeImpl.cpp
         IDMath.cpp
         MultiBodyTree.cpp
     1>y:\downloads\bullet3-2.83.7\src\bulletinversedynamics\details/IDLinearMathInterface.hpp(45): warning C4244: 'argument' : conversion from 'double' to 'const btScalar', possible loss of data (..\..\src\BulletInverseDynamics\IDMath.cpp)
     1>y:\downloads\bullet3-2.83.7\src\bulletinversedynamics\details/IDLinearMathInterface.hpp(45): warning C4244: 'argument' : conversion from 'double' to 'const btScalar', possible loss of data (..\..\src\BulletInverseDynamics\MultiBodyTree.cpp)
     1>..\..\src\BulletInverseDynamics\IDMath.cpp(164): warning C4244: 'initializing' : conversion from 'double' to 'const idScalar', possible loss of data
     1>..\..\src\BulletInverseDynamics\IDMath.cpp(324): warning C4244: 'initializing' : conversion from 'double' to 'const idScalar', possible loss of data
         MultiBodyTreeInitCache.cpp
     1>..\..\src\BulletInverseDynamics\MultiBodyTree.cpp(127): warning C4244: 'argument' : conversion from 'double' to 'const btScalar', possible loss of data
         MultiBodyTreeImpl.cpp
     1>y:\downloads\bullet3-2.83.7\src\bulletinversedynamics\details/IDLinearMathInterface.hpp(45): warning C4244: 'argument' : conversion from 'double' to 'const btScalar', possible loss of data (..\..\src\BulletInverseDynamics\details\MultiBodyTreeInitCache.cpp)
     1>y:\downloads\bullet3-2.83.7\src\bulletinversedynamics\details/IDLinearMathInterface.hpp(45): warning C4244: 'argument' : conversion from 'double' to 'const btScalar', possible loss of data (..\..\src\BulletInverseDynamics\details\MultiBodyTreeImpl.cpp)
     1>..\..\src\BulletInverseDynamics\details\MultiBodyTreeImpl.cpp(612): warning C4244: 'argument' : conversion from 'const double' to 'float', possible loss of data
     1>..\..\src\BulletInverseDynamics\details\MultiBodyTreeImpl.cpp(637): warning C4244: 'argument' : conversion from 'const double' to 'float', possible loss of data
       Lib:
         C:\Program Files (x86)\Microsoft Visual Studio 12.0\VC\bin\Lib.exe /OUT:"..\..\bin\BulletInverseDynamics_vs2010_debug.lib" /LIBPATH:"C:\Gamedev\Visual Leak Detector\lib\Win32" /NOLOGO /MACHINE:X86 obj\x32\Debug\BulletInverseDynamics\IDMath.obj
         obj\x32\Debug\BulletInverseDynamics\MultiBodyTree.obj
         obj\x32\Debug\BulletInverseDynamics\MultiBodyTreeInitCache.obj
         obj\x32\Debug\BulletInverseDynamics\MultiBodyTreeImpl.obj
         BulletInverseDynamics.vcxproj -> Y:\Downloads\bullet3-2.83.7\build3\vs2010\..\..\bin\BulletInverseDynamics_vs2010_debug.lib
     1>Done Building Project "Y:\Downloads\bullet3-2.83.7\build3\vs2010\BulletInverseDynamics.vcxproj" (Build target(s)).

Build succeeded.

Time Elapsed 00:00:21.23
