Build started 2/11/2016 12:24:35 PM.
     1>Project "Y:\Downloads\bullet3-2.83.7\build3\vs2010\OpenGL_Window.vcxproj" on node 3 (Build target(s)).
     1>ClCompile:
         C:\Program Files (x86)\Microsoft Visual Studio 12.0\VC\bin\CL.exe /c /I..\..\examples\ThirdPartyLibs\Glew /I..\..\src /I"C:\Gamedev\Visual Leak Detector\include" /Zi /nologo /W3 /WX- /Od /Oy- /D _DEBUG=1 /D GLEW_STATIC /D _MBCS /Gm- /EHsc /RTC1 /MTd /GS /Gy /fp:fast /Zc:wchar_t /Zc:forScope /Fo"obj\x32\Debug\OpenGL_Window\\" /Fd"..\..\bin\OpenGL_Window_vs2010_debug.pdb" /Gd /TC /analyze- /errorReport:prompt /MP ..\..\examples\ThirdPartyLibs\Glew\glew.c
         glew.c
         C:\Program Files (x86)\Microsoft Visual Studio 12.0\VC\bin\CL.exe /c /I..\..\examples\ThirdPartyLibs\Glew /I..\..\src /I"C:\Gamedev\Visual Leak Detector\include" /Zi /nologo /W3 /WX- /Od /Oy- /D _DEBUG=1 /D GLEW_STATIC /D _MBCS /Gm- /EHsc /RTC1 /MTd /GS /Gy /fp:fast /Zc:wchar_t /Zc:forScope /Fo"obj\x32\Debug\OpenGL_Window\\" /Fd"..\..\bin\OpenGL_Window_vs2010_debug.pdb" /Gd /TP /analyze- /errorReport:prompt /MP ..\..\examples\OpenGLWindow\fontstash.cpp ..\..\examples\OpenGLWindow\GLInstancingRenderer.cpp ..\..\examples\OpenGLWindow\GLPrimitiveRenderer.cpp ..\..\examples\OpenGLWindow\GLRenderToTexture.cpp ..\..\examples\OpenGLWindow\LoadShader.cpp ..\..\examples\OpenGLWindow\opengl_fontstashcallbacks.cpp ..\..\examples\OpenGLWindow\OpenSans.cpp ..\..\examples\OpenGLWindow\SimpleCamera.cpp ..\..\examples\OpenGLWindow\SimpleOpenGL2App.cpp ..\..\examples\OpenGLWindow\SimpleOpenGL2Renderer.cpp ..\..\examples\OpenGLWindow\SimpleOpenGL3App.cpp ..\..\examples\OpenGLWindow\TwFonts.cpp ..\..\examples\OpenGLWindow\Win32OpenGLWindow.cpp ..\..\examples\OpenGLWindow\Win32Window.cpp
         fontstash.cpp
         GLInstancingRenderer.cpp
     1>..\..\examples\OpenGLWindow\fontstash.cpp(225): warning C4996: 'fopen': This function or variable may be unsafe. Consider using fopen_s instead. To disable deprecation, use _CRT_SECURE_NO_WARNINGS. See online help for details.
                 C:\Program Files (x86)\Microsoft Visual Studio 12.0\VC\include\stdio.h(211) : see declaration of 'fopen'
         GLPrimitiveRenderer.cpp
         GLRenderToTexture.cpp
     1>..\..\examples\OpenGLWindow\GLPrimitiveRenderer.cpp(315): warning C4800: 'int' : forcing value to bool 'true' or 'false' (performance warning)
         LoadShader.cpp
         opengl_fontstashcallbacks.cpp
         OpenSans.cpp
     1>y:\downloads\bullet3-2.83.7\examples\openglwindow\stb_image_write.h(156): warning C4996: 'fopen': This function or variable may be unsafe. Consider using fopen_s instead. To disable deprecation, use _CRT_SECURE_NO_WARNINGS. See online help for details. (..\..\examples\OpenGLWindow\opengl_fontstashcallbacks.cpp)
                 C:\Program Files (x86)\Microsoft Visual Studio 12.0\VC\include\stdio.h(211) : see declaration of 'fopen'
     1>y:\downloads\bullet3-2.83.7\examples\openglwindow\stb_image_write.h(495): warning C4996: 'fopen': This function or variable may be unsafe. Consider using fopen_s instead. To disable deprecation, use _CRT_SECURE_NO_WARNINGS. See online help for details. (..\..\examples\OpenGLWindow\opengl_fontstashcallbacks.cpp)
                 C:\Program Files (x86)\Microsoft Visual Studio 12.0\VC\include\stdio.h(211) : see declaration of 'fopen'
         SimpleCamera.cpp
         SimpleOpenGL2App.cpp
     1>..\..\examples\OpenGLWindow\SimpleCamera.cpp(42): warning C4316: 'SimpleCameraInternalData' : object allocated on the heap may not be aligned 16
         SimpleOpenGL2Renderer.cpp
         SimpleOpenGL3App.cpp
         TwFonts.cpp
     1>..\..\examples\OpenGLWindow\SimpleOpenGL3App.cpp(729): warning C4996: 'sprintf': This function or variable may be unsafe. Consider using sprintf_s instead. To disable deprecation, use _CRT_SECURE_NO_WARNINGS. See online help for details.
                 C:\Program Files (x86)\Microsoft Visual Studio 12.0\VC\include\stdio.h(356) : see declaration of 'sprintf'
     1>..\..\examples\OpenGLWindow\SimpleOpenGL3App.cpp(775): warning C4244: 'argument' : conversion from 'float' to 'GLsizei', possible loss of data
     1>..\..\examples\OpenGLWindow\SimpleOpenGL3App.cpp(782): warning C4244: 'argument' : conversion from 'float' to 'int', possible loss of data
         Win32OpenGLWindow.cpp
         Win32Window.cpp
     1>..\..\examples\OpenGLWindow\Win32Window.cpp(272): warning C4244: 'argument' : conversion from 'int' to 'float', possible loss of data
     1>..\..\examples\OpenGLWindow\Win32Window.cpp(286): warning C4244: 'argument' : conversion from 'int' to 'float', possible loss of data
     1>..\..\examples\OpenGLWindow\Win32Window.cpp(302): warning C4244: 'argument' : conversion from 'int' to 'float', possible loss of data
     1>..\..\examples\OpenGLWindow\Win32Window.cpp(319): warning C4244: 'argument' : conversion from 'int' to 'float', possible loss of data
     1>..\..\examples\OpenGLWindow\Win32Window.cpp(357): warning C4244: 'argument' : conversion from 'int' to 'float', possible loss of data
     1>..\..\examples\OpenGLWindow\Win32Window.cpp(368): warning C4244: 'argument' : conversion from 'int' to 'float', possible loss of data
     1>..\..\examples\OpenGLWindow\Win32Window.cpp(379): warning C4244: 'argument' : conversion from 'int' to 'float', possible loss of data
     1>..\..\examples\OpenGLWindow\Win32Window.cpp(411): warning C4244: 'argument' : conversion from 'int' to 'float', possible loss of data
     1>..\..\examples\OpenGLWindow\Win32Window.cpp(778): warning C4244: 'argument' : conversion from 'int' to 'float', possible loss of data
       Lib:
         C:\Program Files (x86)\Microsoft Visual Studio 12.0\VC\bin\Lib.exe /OUT:"..\..\bin\OpenGL_Window_vs2010_debug.lib" /LIBPATH:"C:\Gamedev\Visual Leak Detector\lib\Win32" /NOLOGO /MACHINE:X86 obj\x32\Debug\OpenGL_Window\glew.obj
         obj\x32\Debug\OpenGL_Window\fontstash.obj
         obj\x32\Debug\OpenGL_Window\GLInstancingRenderer.obj
         obj\x32\Debug\OpenGL_Window\GLPrimitiveRenderer.obj
         obj\x32\Debug\OpenGL_Window\GLRenderToTexture.obj
         obj\x32\Debug\OpenGL_Window\LoadShader.obj
         obj\x32\Debug\OpenGL_Window\opengl_fontstashcallbacks.obj
         obj\x32\Debug\OpenGL_Window\OpenSans.obj
         obj\x32\Debug\OpenGL_Window\SimpleCamera.obj
         obj\x32\Debug\OpenGL_Window\SimpleOpenGL2App.obj
         obj\x32\Debug\OpenGL_Window\SimpleOpenGL2Renderer.obj
         obj\x32\Debug\OpenGL_Window\SimpleOpenGL3App.obj
         obj\x32\Debug\OpenGL_Window\TwFonts.obj
         obj\x32\Debug\OpenGL_Window\Win32OpenGLWindow.obj
         obj\x32\Debug\OpenGL_Window\Win32Window.obj
         OpenGL_Window.vcxproj -> Y:\Downloads\bullet3-2.83.7\build3\vs2010\..\..\bin\OpenGL_Window_vs2010_debug.lib
     1>Done Building Project "Y:\Downloads\bullet3-2.83.7\build3\vs2010\OpenGL_Window.vcxproj" (Build target(s)).

Build succeeded.

Time Elapsed 00:00:31.35
